<?xml version="1.0" encoding="UTF-8"?>
<testng-results ignored="0" total="1" passed="1" failed="0" skipped="0">
  <reporter-output>
  </reporter-output>
  <suite started-at="2021-05-31T16:52:19Z" name="Testing TestNG Suite" finished-at="2021-05-31T16:52:24Z" duration-ms="5347">
    <groups>
    </groups>
    <test started-at="2021-05-31T16:52:19Z" name="Running TestNG tests using .xml" finished-at="2021-05-31T16:52:24Z" duration-ms="5347">
      <class name="Parameter.parameterHandling">
        <test-method signature="classicCRMLoginTest(java.lang.String, java.lang.String, java.lang.String, java.lang.String, java.lang.String)[pri:0, instance:Parameter.parameterHandling@4e3958e7]" started-at="2021-05-31T16:52:19Z" name="classicCRMLoginTest" finished-at="2021-05-31T16:52:24Z" duration-ms="5327" status="PASS">
          <params>
            <param index="0">
              <value>
                <![CDATA[QA]]>
              </value>
            </param>
            <param index="1">
              <value>
                <![CDATA[chrome]]>
              </value>
            </param>
            <param index="2">
              <value>
                <![CDATA[https://classic.crmpro.com/index.html]]>
              </value>
            </param>
            <param index="3">
              <value>
                <![CDATA[manish]]>
              </value>
            </param>
            <param index="4">
              <value>
                <![CDATA[test@!23]]>
              </value>
            </param>
          </params>
          <reporter-output>
          </reporter-output>
        </test-method> <!-- classicCRMLoginTest -->
      </class> <!-- Parameter.parameterHandling -->
    </test> <!-- Running TestNG tests using .xml -->
  </suite> <!-- Testing TestNG Suite -->
</testng-results>
